<?xml version="1.0" encoding="UTF-8"?>
<testsuite xmlns:xsi="http://www.w3.org/2001/XMLSchema-instance" xsi:noNamespaceSchemaLocation="https://maven.apache.org/surefire/maven-surefire-plugin/xsd/surefire-test-report.xsd" version="3.0.2" name="com.digio.backend.BackendApplicationTests" time="8.116" tests="1" errors="0" skipped="0" failures="0">
  <properties>
    <property name="java.specification.version" value="23"/>
    <property name="sun.jnu.encoding" value="UTF-8"/>
    <property name="java.class.path" value="/Users/prasopchocksancharoen/Documents/Intern-Poonsap/ProjectExcel/backend/target/test-classes:/Users/prasopchocksancharoen/Documents/Intern-Poonsap/ProjectExcel/backend/target/classes:/Users/prasopchocksancharoen/.m2/repository/org/springframework/boot/spring-boot-starter-validation/3.4.1/spring-boot-starter-validation-3.4.1.jar:/Users/prasopchocksancharoen/.m2/repository/org/springframework/boot/spring-boot-starter/3.4.1/spring-boot-starter-3.4.1.jar:/Users/prasopchocksancharoen/.m2/repository/org/springframework/boot/spring-boot/3.4.1/spring-boot-3.4.1.jar:/Users/prasopchocksancharoen/.m2/repository/org/springframework/boot/spring-boot-autoconfigure/3.4.1/spring-boot-autoconfigure-3.4.1.jar:/Users/prasopchocksancharoen/.m2/repository/org/springframework/boot/spring-boot-starter-logging/3.4.1/spring-boot-starter-logging-3.4.1.jar:/Users/prasopchocksancharoen/.m2/repository/ch/qos/logback/logback-classic/1.5.12/logback-classic-1.5.12.jar:/Users/prasopchocksancharoen/.m2/repository/ch/qos/logback/logback-core/1.5.12/logback-core-1.5.12.jar:/Users/prasopchocksancharoen/.m2/repository/org/apache/logging/log4j/log4j-to-slf4j/2.24.3/log4j-to-slf4j-2.24.3.jar:/Users/prasopchocksancharoen/.m2/repository/org/slf4j/jul-to-slf4j/2.0.16/jul-to-slf4j-2.0.16.jar:/Users/prasopchocksancharoen/.m2/repository/jakarta/annotation/jakarta.annotation-api/2.1.1/jakarta.annotation-api-2.1.1.jar:/Users/prasopchocksancharoen/.m2/repository/org/yaml/snakeyaml/2.3/snakeyaml-2.3.jar:/Users/prasopchocksancharoen/.m2/repository/org/apache/tomcat/embed/tomcat-embed-el/10.1.34/tomcat-embed-el-10.1.34.jar:/Users/prasopchocksancharoen/.m2/repository/org/hibernate/validator/hibernate-validator/8.0.2.Final/hibernate-validator-8.0.2.Final.jar:/Users/prasopchocksancharoen/.m2/repository/jakarta/validation/jakarta.validation-api/3.0.2/jakarta.validation-api-3.0.2.jar:/Users/prasopchocksancharoen/.m2/repository/org/jboss/logging/jboss-logging/3.6.1.Final/jboss-logging-3.6.1.Final.jar:/Users/prasopchocksancharoen/.m2/repository/com/fasterxml/classmate/1.7.0/classmate-1.7.0.jar:/Users/prasopchocksancharoen/.m2/repository/org/springframework/boot/spring-boot-starter-web/3.4.1/spring-boot-starter-web-3.4.1.jar:/Users/prasopchocksancharoen/.m2/repository/org/springframework/boot/spring-boot-starter-json/3.4.1/spring-boot-starter-json-3.4.1.jar:/Users/prasopchocksancharoen/.m2/repository/com/fasterxml/jackson/core/jackson-databind/2.18.2/jackson-databind-2.18.2.jar:/Users/prasopchocksancharoen/.m2/repository/com/fasterxml/jackson/core/jackson-annotations/2.18.2/jackson-annotations-2.18.2.jar:/Users/prasopchocksancharoen/.m2/repository/com/fasterxml/jackson/core/jackson-core/2.18.2/jackson-core-2.18.2.jar:/Users/prasopchocksancharoen/.m2/repository/com/fasterxml/jackson/datatype/jackson-datatype-jdk8/2.18.2/jackson-datatype-jdk8-2.18.2.jar:/Users/prasopchocksancharoen/.m2/repository/com/fasterxml/jackson/datatype/jackson-datatype-jsr310/2.18.2/jackson-datatype-jsr310-2.18.2.jar:/Users/prasopchocksancharoen/.m2/repository/com/fasterxml/jackson/module/jackson-module-parameter-names/2.18.2/jackson-module-parameter-names-2.18.2.jar:/Users/prasopchocksancharoen/.m2/repository/org/springframework/boot/spring-boot-starter-tomcat/3.4.1/spring-boot-starter-tomcat-3.4.1.jar:/Users/prasopchocksancharoen/.m2/repository/org/apache/tomcat/embed/tomcat-embed-core/10.1.34/tomcat-embed-core-10.1.34.jar:/Users/prasopchocksancharoen/.m2/repository/org/apache/tomcat/embed/tomcat-embed-websocket/10.1.34/tomcat-embed-websocket-10.1.34.jar:/Users/prasopchocksancharoen/.m2/repository/org/springframework/spring-web/6.2.1/spring-web-6.2.1.jar:/Users/prasopchocksancharoen/.m2/repository/org/springframework/spring-beans/6.2.1/spring-beans-6.2.1.jar:/Users/prasopchocksancharoen/.m2/repository/io/micrometer/micrometer-observation/1.14.2/micrometer-observation-1.14.2.jar:/Users/prasopchocksancharoen/.m2/repository/io/micrometer/micrometer-commons/1.14.2/micrometer-commons-1.14.2.jar:/Users/prasopchocksancharoen/.m2/repository/org/springframework/spring-webmvc/6.2.1/spring-webmvc-6.2.1.jar:/Users/prasopchocksancharoen/.m2/repository/org/springframework/spring-aop/6.2.1/spring-aop-6.2.1.jar:/Users/prasopchocksancharoen/.m2/repository/org/springframework/spring-context/6.2.1/spring-context-6.2.1.jar:/Users/prasopchocksancharoen/.m2/repository/org/springframework/spring-expression/6.2.1/spring-expression-6.2.1.jar:/Users/prasopchocksancharoen/.m2/repository/commons-validator/commons-validator/1.7/commons-validator-1.7.jar:/Users/prasopchocksancharoen/.m2/repository/commons-beanutils/commons-beanutils/1.9.4/commons-beanutils-1.9.4.jar:/Users/prasopchocksancharoen/.m2/repository/commons-digester/commons-digester/2.1/commons-digester-2.1.jar:/Users/prasopchocksancharoen/.m2/repository/commons-logging/commons-logging/1.2/commons-logging-1.2.jar:/Users/prasopchocksancharoen/.m2/repository/commons-collections/commons-collections/3.2.2/commons-collections-3.2.2.jar:/Users/prasopchocksancharoen/.m2/repository/org/apache/poi/poi/5.3.0/poi-5.3.0.jar:/Users/prasopchocksancharoen/.m2/repository/commons-codec/commons-codec/1.17.1/commons-codec-1.17.1.jar:/Users/prasopchocksancharoen/.m2/repository/org/apache/commons/commons-math3/3.6.1/commons-math3-3.6.1.jar:/Users/prasopchocksancharoen/.m2/repository/commons-io/commons-io/2.16.1/commons-io-2.16.1.jar:/Users/prasopchocksancharoen/.m2/repository/com/zaxxer/SparseBitSet/1.3/SparseBitSet-1.3.jar:/Users/prasopchocksancharoen/.m2/repository/org/apache/logging/log4j/log4j-api/2.24.3/log4j-api-2.24.3.jar:/Users/prasopchocksancharoen/.m2/repository/org/apache/poi/poi-ooxml/5.3.0/poi-ooxml-5.3.0.jar:/Users/prasopchocksancharoen/.m2/repository/org/apache/poi/poi-ooxml-lite/5.3.0/poi-ooxml-lite-5.3.0.jar:/Users/prasopchocksancharoen/.m2/repository/org/apache/commons/commons-compress/1.26.2/commons-compress-1.26.2.jar:/Users/prasopchocksancharoen/.m2/repository/org/apache/commons/commons-lang3/3.17.0/commons-lang3-3.17.0.jar:/Users/prasopchocksancharoen/.m2/repository/com/github/virtuald/curvesapi/1.08/curvesapi-1.08.jar:/Users/prasopchocksancharoen/.m2/repository/org/apache/poi/poi-ooxml-schemas/4.1.2/poi-ooxml-schemas-4.1.2.jar:/Users/prasopchocksancharoen/.m2/repository/org/apache/commons/commons-collections4/4.4/commons-collections4-4.4.jar:/Users/prasopchocksancharoen/.m2/repository/org/apache/xmlbeans/xmlbeans/5.2.1/xmlbeans-5.2.1.jar:/Users/prasopchocksancharoen/.m2/repository/org/projectlombok/lombok/1.18.36/lombok-1.18.36.jar:/Users/prasopchocksancharoen/.m2/repository/org/springframework/boot/spring-boot-starter-test/3.4.1/spring-boot-starter-test-3.4.1.jar:/Users/prasopchocksancharoen/.m2/repository/org/springframework/boot/spring-boot-test/3.4.1/spring-boot-test-3.4.1.jar:/Users/prasopchocksancharoen/.m2/repository/org/springframework/boot/spring-boot-test-autoconfigure/3.4.1/spring-boot-test-autoconfigure-3.4.1.jar:/Users/prasopchocksancharoen/.m2/repository/com/jayway/jsonpath/json-path/2.9.0/json-path-2.9.0.jar:/Users/prasopchocksancharoen/.m2/repository/org/slf4j/slf4j-api/2.0.16/slf4j-api-2.0.16.jar:/Users/prasopchocksancharoen/.m2/repository/jakarta/xml/bind/jakarta.xml.bind-api/4.0.2/jakarta.xml.bind-api-4.0.2.jar:/Users/prasopchocksancharoen/.m2/repository/jakarta/activation/jakarta.activation-api/2.1.3/jakarta.activation-api-2.1.3.jar:/Users/prasopchocksancharoen/.m2/repository/net/minidev/json-smart/2.5.1/json-smart-2.5.1.jar:/Users/prasopchocksancharoen/.m2/repository/net/minidev/accessors-smart/2.5.1/accessors-smart-2.5.1.jar:/Users/prasopchocksancharoen/.m2/repository/org/ow2/asm/asm/9.6/asm-9.6.jar:/Users/prasopchocksancharoen/.m2/repository/org/assertj/assertj-core/3.26.3/assertj-core-3.26.3.jar:/Users/prasopchocksancharoen/.m2/repository/net/bytebuddy/byte-buddy/1.15.11/byte-buddy-1.15.11.jar:/Users/prasopchocksancharoen/.m2/repository/org/awaitility/awaitility/4.2.2/awaitility-4.2.2.jar:/Users/prasopchocksancharoen/.m2/repository/org/hamcrest/hamcrest/2.2/hamcrest-2.2.jar:/Users/prasopchocksancharoen/.m2/repository/org/junit/jupiter/junit-jupiter/5.11.4/junit-jupiter-5.11.4.jar:/Users/prasopchocksancharoen/.m2/repository/org/junit/jupiter/junit-jupiter-api/5.11.4/junit-jupiter-api-5.11.4.jar:/Users/prasopchocksancharoen/.m2/repository/org/opentest4j/opentest4j/1.3.0/opentest4j-1.3.0.jar:/Users/prasopchocksancharoen/.m2/repository/org/junit/platform/junit-platform-commons/1.11.4/junit-platform-commons-1.11.4.jar:/Users/prasopchocksancharoen/.m2/repository/org/apiguardian/apiguardian-api/1.1.2/apiguardian-api-1.1.2.jar:/Users/prasopchocksancharoen/.m2/repository/org/junit/jupiter/junit-jupiter-params/5.11.4/junit-jupiter-params-5.11.4.jar:/Users/prasopchocksancharoen/.m2/repository/org/junit/jupiter/junit-jupiter-engine/5.11.4/junit-jupiter-engine-5.11.4.jar:/Users/prasopchocksancharoen/.m2/repository/org/junit/platform/junit-platform-engine/1.11.4/junit-platform-engine-1.11.4.jar:/Users/prasopchocksancharoen/.m2/repository/org/mockito/mockito-core/5.14.2/mockito-core-5.14.2.jar:/Users/prasopchocksancharoen/.m2/repository/net/bytebuddy/byte-buddy-agent/1.15.11/byte-buddy-agent-1.15.11.jar:/Users/prasopchocksancharoen/.m2/repository/org/objenesis/objenesis/3.3/objenesis-3.3.jar:/Users/prasopchocksancharoen/.m2/repository/org/mockito/mockito-junit-jupiter/5.14.2/mockito-junit-jupiter-5.14.2.jar:/Users/prasopchocksancharoen/.m2/repository/org/skyscreamer/jsonassert/1.5.3/jsonassert-1.5.3.jar:/Users/prasopchocksancharoen/.m2/repository/com/vaadin/external/google/android-json/0.0.20131108.vaadin1/android-json-0.0.20131108.vaadin1.jar:/Users/prasopchocksancharoen/.m2/repository/org/springframework/spring-core/6.2.1/spring-core-6.2.1.jar:/Users/prasopchocksancharoen/.m2/repository/org/springframework/spring-jcl/6.2.1/spring-jcl-6.2.1.jar:/Users/prasopchocksancharoen/.m2/repository/org/springframework/spring-test/6.2.1/spring-test-6.2.1.jar:/Users/prasopchocksancharoen/.m2/repository/org/xmlunit/xmlunit-core/2.10.0/xmlunit-core-2.10.0.jar:"/>
    <property name="java.vm.vendor" value="Homebrew"/>
    <property name="sun.arch.data.model" value="64"/>
    <property name="java.vendor.url" value="https://github.com/Homebrew/homebrew-core/issues"/>
    <property name="user.timezone" value="Asia/Bangkok"/>
    <property name="org.jboss.logging.provider" value="slf4j"/>
    <property name="os.name" value="Mac OS X"/>
    <property name="java.vm.specification.version" value="23"/>
    <property name="APPLICATION_NAME" value="backend"/>
    <property name="sun.java.launcher" value="SUN_STANDARD"/>
    <property name="user.country" value="TH"/>
    <property name="sun.boot.library.path" value="/usr/local/Cellar/openjdk/23.0.1/libexec/openjdk.jdk/Contents/Home/lib"/>
    <property name="sun.java.command" value="/Users/prasopchocksancharoen/Documents/Intern-Poonsap/ProjectExcel/backend/target/surefire/surefirebooter-20250121121336710_3.jar /Users/prasopchocksancharoen/Documents/Intern-Poonsap/ProjectExcel/backend/target/surefire 2025-01-21T12-13-36_358-jvmRun1 surefire-20250121121336710_1tmp surefire_0-20250121121336710_2tmp"/>
    <property name="http.nonProxyHosts" value="local|*.local|169.254/16|*.169.254/16"/>
    <property name="jdk.debug" value="release"/>
    <property name="surefire.test.class.path" value="/Users/prasopchocksancharoen/Documents/Intern-Poonsap/ProjectExcel/backend/target/test-classes:/Users/prasopchocksancharoen/Documents/Intern-Poonsap/ProjectExcel/backend/target/classes:/Users/prasopchocksancharoen/.m2/repository/org/springframework/boot/spring-boot-starter-validation/3.4.1/spring-boot-starter-validation-3.4.1.jar:/Users/prasopchocksancharoen/.m2/repository/org/springframework/boot/spring-boot-starter/3.4.1/spring-boot-starter-3.4.1.jar:/Users/prasopchocksancharoen/.m2/repository/org/springframework/boot/spring-boot/3.4.1/spring-boot-3.4.1.jar:/Users/prasopchocksancharoen/.m2/repository/org/springframework/boot/spring-boot-autoconfigure/3.4.1/spring-boot-autoconfigure-3.4.1.jar:/Users/prasopchocksancharoen/.m2/repository/org/springframework/boot/spring-boot-starter-logging/3.4.1/spring-boot-starter-logging-3.4.1.jar:/Users/prasopchocksancharoen/.m2/repository/ch/qos/logback/logback-classic/1.5.12/logback-classic-1.5.12.jar:/Users/prasopchocksancharoen/.m2/repository/ch/qos/logback/logback-core/1.5.12/logback-core-1.5.12.jar:/Users/prasopchocksancharoen/.m2/repository/org/apache/logging/log4j/log4j-to-slf4j/2.24.3/log4j-to-slf4j-2.24.3.jar:/Users/prasopchocksancharoen/.m2/repository/org/slf4j/jul-to-slf4j/2.0.16/jul-to-slf4j-2.0.16.jar:/Users/prasopchocksancharoen/.m2/repository/jakarta/annotation/jakarta.annotation-api/2.1.1/jakarta.annotation-api-2.1.1.jar:/Users/prasopchocksancharoen/.m2/repository/org/yaml/snakeyaml/2.3/snakeyaml-2.3.jar:/Users/prasopchocksancharoen/.m2/repository/org/apache/tomcat/embed/tomcat-embed-el/10.1.34/tomcat-embed-el-10.1.34.jar:/Users/prasopchocksancharoen/.m2/repository/org/hibernate/validator/hibernate-validator/8.0.2.Final/hibernate-validator-8.0.2.Final.jar:/Users/prasopchocksancharoen/.m2/repository/jakarta/validation/jakarta.validation-api/3.0.2/jakarta.validation-api-3.0.2.jar:/Users/prasopchocksancharoen/.m2/repository/org/jboss/logging/jboss-logging/3.6.1.Final/jboss-logging-3.6.1.Final.jar:/Users/prasopchocksancharoen/.m2/repository/com/fasterxml/classmate/1.7.0/classmate-1.7.0.jar:/Users/prasopchocksancharoen/.m2/repository/org/springframework/boot/spring-boot-starter-web/3.4.1/spring-boot-starter-web-3.4.1.jar:/Users/prasopchocksancharoen/.m2/repository/org/springframework/boot/spring-boot-starter-json/3.4.1/spring-boot-starter-json-3.4.1.jar:/Users/prasopchocksancharoen/.m2/repository/com/fasterxml/jackson/core/jackson-databind/2.18.2/jackson-databind-2.18.2.jar:/Users/prasopchocksancharoen/.m2/repository/com/fasterxml/jackson/core/jackson-annotations/2.18.2/jackson-annotations-2.18.2.jar:/Users/prasopchocksancharoen/.m2/repository/com/fasterxml/jackson/core/jackson-core/2.18.2/jackson-core-2.18.2.jar:/Users/prasopchocksancharoen/.m2/repository/com/fasterxml/jackson/datatype/jackson-datatype-jdk8/2.18.2/jackson-datatype-jdk8-2.18.2.jar:/Users/prasopchocksancharoen/.m2/repository/com/fasterxml/jackson/datatype/jackson-datatype-jsr310/2.18.2/jackson-datatype-jsr310-2.18.2.jar:/Users/prasopchocksancharoen/.m2/repository/com/fasterxml/jackson/module/jackson-module-parameter-names/2.18.2/jackson-module-parameter-names-2.18.2.jar:/Users/prasopchocksancharoen/.m2/repository/org/springframework/boot/spring-boot-starter-tomcat/3.4.1/spring-boot-starter-tomcat-3.4.1.jar:/Users/prasopchocksancharoen/.m2/repository/org/apache/tomcat/embed/tomcat-embed-core/10.1.34/tomcat-embed-core-10.1.34.jar:/Users/prasopchocksancharoen/.m2/repository/org/apache/tomcat/embed/tomcat-embed-websocket/10.1.34/tomcat-embed-websocket-10.1.34.jar:/Users/prasopchocksancharoen/.m2/repository/org/springframework/spring-web/6.2.1/spring-web-6.2.1.jar:/Users/prasopchocksancharoen/.m2/repository/org/springframework/spring-beans/6.2.1/spring-beans-6.2.1.jar:/Users/prasopchocksancharoen/.m2/repository/io/micrometer/micrometer-observation/1.14.2/micrometer-observation-1.14.2.jar:/Users/prasopchocksancharoen/.m2/repository/io/micrometer/micrometer-commons/1.14.2/micrometer-commons-1.14.2.jar:/Users/prasopchocksancharoen/.m2/repository/org/springframework/spring-webmvc/6.2.1/spring-webmvc-6.2.1.jar:/Users/prasopchocksancharoen/.m2/repository/org/springframework/spring-aop/6.2.1/spring-aop-6.2.1.jar:/Users/prasopchocksancharoen/.m2/repository/org/springframework/spring-context/6.2.1/spring-context-6.2.1.jar:/Users/prasopchocksancharoen/.m2/repository/org/springframework/spring-expression/6.2.1/spring-expression-6.2.1.jar:/Users/prasopchocksancharoen/.m2/repository/commons-validator/commons-validator/1.7/commons-validator-1.7.jar:/Users/prasopchocksancharoen/.m2/repository/commons-beanutils/commons-beanutils/1.9.4/commons-beanutils-1.9.4.jar:/Users/prasopchocksancharoen/.m2/repository/commons-digester/commons-digester/2.1/commons-digester-2.1.jar:/Users/prasopchocksancharoen/.m2/repository/commons-logging/commons-logging/1.2/commons-logging-1.2.jar:/Users/prasopchocksancharoen/.m2/repository/commons-collections/commons-collections/3.2.2/commons-collections-3.2.2.jar:/Users/prasopchocksancharoen/.m2/repository/org/apache/poi/poi/5.3.0/poi-5.3.0.jar:/Users/prasopchocksancharoen/.m2/repository/commons-codec/commons-codec/1.17.1/commons-codec-1.17.1.jar:/Users/prasopchocksancharoen/.m2/repository/org/apache/commons/commons-math3/3.6.1/commons-math3-3.6.1.jar:/Users/prasopchocksancharoen/.m2/repository/commons-io/commons-io/2.16.1/commons-io-2.16.1.jar:/Users/prasopchocksancharoen/.m2/repository/com/zaxxer/SparseBitSet/1.3/SparseBitSet-1.3.jar:/Users/prasopchocksancharoen/.m2/repository/org/apache/logging/log4j/log4j-api/2.24.3/log4j-api-2.24.3.jar:/Users/prasopchocksancharoen/.m2/repository/org/apache/poi/poi-ooxml/5.3.0/poi-ooxml-5.3.0.jar:/Users/prasopchocksancharoen/.m2/repository/org/apache/poi/poi-ooxml-lite/5.3.0/poi-ooxml-lite-5.3.0.jar:/Users/prasopchocksancharoen/.m2/repository/org/apache/commons/commons-compress/1.26.2/commons-compress-1.26.2.jar:/Users/prasopchocksancharoen/.m2/repository/org/apache/commons/commons-lang3/3.17.0/commons-lang3-3.17.0.jar:/Users/prasopchocksancharoen/.m2/repository/com/github/virtuald/curvesapi/1.08/curvesapi-1.08.jar:/Users/prasopchocksancharoen/.m2/repository/org/apache/poi/poi-ooxml-schemas/4.1.2/poi-ooxml-schemas-4.1.2.jar:/Users/prasopchocksancharoen/.m2/repository/org/apache/commons/commons-collections4/4.4/commons-collections4-4.4.jar:/Users/prasopchocksancharoen/.m2/repository/org/apache/xmlbeans/xmlbeans/5.2.1/xmlbeans-5.2.1.jar:/Users/prasopchocksancharoen/.m2/repository/org/projectlombok/lombok/1.18.36/lombok-1.18.36.jar:/Users/prasopchocksancharoen/.m2/repository/org/springframework/boot/spring-boot-starter-test/3.4.1/spring-boot-starter-test-3.4.1.jar:/Users/prasopchocksancharoen/.m2/repository/org/springframework/boot/spring-boot-test/3.4.1/spring-boot-test-3.4.1.jar:/Users/prasopchocksancharoen/.m2/repository/org/springframework/boot/spring-boot-test-autoconfigure/3.4.1/spring-boot-test-autoconfigure-3.4.1.jar:/Users/prasopchocksancharoen/.m2/repository/com/jayway/jsonpath/json-path/2.9.0/json-path-2.9.0.jar:/Users/prasopchocksancharoen/.m2/repository/org/slf4j/slf4j-api/2.0.16/slf4j-api-2.0.16.jar:/Users/prasopchocksancharoen/.m2/repository/jakarta/xml/bind/jakarta.xml.bind-api/4.0.2/jakarta.xml.bind-api-4.0.2.jar:/Users/prasopchocksancharoen/.m2/repository/jakarta/activation/jakarta.activation-api/2.1.3/jakarta.activation-api-2.1.3.jar:/Users/prasopchocksancharoen/.m2/repository/net/minidev/json-smart/2.5.1/json-smart-2.5.1.jar:/Users/prasopchocksancharoen/.m2/repository/net/minidev/accessors-smart/2.5.1/accessors-smart-2.5.1.jar:/Users/prasopchocksancharoen/.m2/repository/org/ow2/asm/asm/9.6/asm-9.6.jar:/Users/prasopchocksancharoen/.m2/repository/org/assertj/assertj-core/3.26.3/assertj-core-3.26.3.jar:/Users/prasopchocksancharoen/.m2/repository/net/bytebuddy/byte-buddy/1.15.11/byte-buddy-1.15.11.jar:/Users/prasopchocksancharoen/.m2/repository/org/awaitility/awaitility/4.2.2/awaitility-4.2.2.jar:/Users/prasopchocksancharoen/.m2/repository/org/hamcrest/hamcrest/2.2/hamcrest-2.2.jar:/Users/prasopchocksancharoen/.m2/repository/org/junit/jupiter/junit-jupiter/5.11.4/junit-jupiter-5.11.4.jar:/Users/prasopchocksancharoen/.m2/repository/org/junit/jupiter/junit-jupiter-api/5.11.4/junit-jupiter-api-5.11.4.jar:/Users/prasopchocksancharoen/.m2/repository/org/opentest4j/opentest4j/1.3.0/opentest4j-1.3.0.jar:/Users/prasopchocksancharoen/.m2/repository/org/junit/platform/junit-platform-commons/1.11.4/junit-platform-commons-1.11.4.jar:/Users/prasopchocksancharoen/.m2/repository/org/apiguardian/apiguardian-api/1.1.2/apiguardian-api-1.1.2.jar:/Users/prasopchocksancharoen/.m2/repository/org/junit/jupiter/junit-jupiter-params/5.11.4/junit-jupiter-params-5.11.4.jar:/Users/prasopchocksancharoen/.m2/repository/org/junit/jupiter/junit-jupiter-engine/5.11.4/junit-jupiter-engine-5.11.4.jar:/Users/prasopchocksancharoen/.m2/repository/org/junit/platform/junit-platform-engine/1.11.4/junit-platform-engine-1.11.4.jar:/Users/prasopchocksancharoen/.m2/repository/org/mockito/mockito-core/5.14.2/mockito-core-5.14.2.jar:/Users/prasopchocksancharoen/.m2/repository/net/bytebuddy/byte-buddy-agent/1.15.11/byte-buddy-agent-1.15.11.jar:/Users/prasopchocksancharoen/.m2/repository/org/objenesis/objenesis/3.3/objenesis-3.3.jar:/Users/prasopchocksancharoen/.m2/repository/org/mockito/mockito-junit-jupiter/5.14.2/mockito-junit-jupiter-5.14.2.jar:/Users/prasopchocksancharoen/.m2/repository/org/skyscreamer/jsonassert/1.5.3/jsonassert-1.5.3.jar:/Users/prasopchocksancharoen/.m2/repository/com/vaadin/external/google/android-json/0.0.20131108.vaadin1/android-json-0.0.20131108.vaadin1.jar:/Users/prasopchocksancharoen/.m2/repository/org/springframework/spring-core/6.2.1/spring-core-6.2.1.jar:/Users/prasopchocksancharoen/.m2/repository/org/springframework/spring-jcl/6.2.1/spring-jcl-6.2.1.jar:/Users/prasopchocksancharoen/.m2/repository/org/springframework/spring-test/6.2.1/spring-test-6.2.1.jar:/Users/prasopchocksancharoen/.m2/repository/org/xmlunit/xmlunit-core/2.10.0/xmlunit-core-2.10.0.jar:"/>
    <property name="sun.cpu.endian" value="little"/>
    <property name="user.home" value="/Users/prasopchocksancharoen"/>
    <property name="user.language" value="en"/>
    <property name="java.specification.vendor" value="Oracle Corporation"/>
    <property name="java.version.date" value="2024-10-15"/>
    <property name="java.home" value="/usr/local/Cellar/openjdk/23.0.1/libexec/openjdk.jdk/Contents/Home"/>
    <property name="file.separator" value="/"/>
    <property name="basedir" value="/Users/prasopchocksancharoen/Documents/Intern-Poonsap/ProjectExcel/backend"/>
    <property name="java.vm.compressedOopsMode" value="Zero based"/>
    <property name="line.separator" value="&#10;"/>
    <property name="java.vm.specification.vendor" value="Oracle Corporation"/>
    <property name="java.specification.name" value="Java Platform API Specification"/>
    <property name="FILE_LOG_CHARSET" value="UTF-8"/>
    <property name="java.awt.headless" value="true"/>
    <property name="apple.awt.application.name" value="ForkedBooter"/>
    <property name="surefire.real.class.path" value="/Users/prasopchocksancharoen/Documents/Intern-Poonsap/ProjectExcel/backend/target/surefire/surefirebooter-20250121121336710_3.jar"/>
    <property name="sun.management.compiler" value="HotSpot 64-Bit Tiered Compilers"/>
    <property name="ftp.nonProxyHosts" value="local|*.local|169.254/16|*.169.254/16"/>
    <property name="java.runtime.version" value="23.0.1"/>
    <property name="user.name" value="prasopchocksancharoen"/>
    <property name="stdout.encoding" value="UTF-8"/>
    <property name="path.separator" value=":"/>
    <property name="os.version" value="13.7.2"/>
    <property name="java.runtime.name" value="OpenJDK Runtime Environment"/>
    <property name="file.encoding" value="UTF-8"/>
    <property name="java.vm.name" value="OpenJDK 64-Bit Server VM"/>
    <property name="java.vendor.version" value="Homebrew"/>
    <property name="localRepository" value="/Users/prasopchocksancharoen/.m2/repository"/>
    <property name="java.vendor.url.bug" value="https://github.com/Homebrew/homebrew-core/issues"/>
    <property name="java.io.tmpdir" value="/var/folders/87/cxgkqjg942x1jt9hydl7t30c0000gn/T/"/>
    <property name="java.version" value="23.0.1"/>
    <property name="user.dir" value="/Users/prasopchocksancharoen/Documents/Intern-Poonsap/ProjectExcel/backend"/>
    <property name="os.arch" value="x86_64"/>
    <property name="java.vm.specification.name" value="Java Virtual Machine Specification"/>
    <property name="PID" value="14526"/>
    <property name="CONSOLE_LOG_CHARSET" value="UTF-8"/>
    <property name="native.encoding" value="UTF-8"/>
    <property name="java.library.path" value="/Users/prasopchocksancharoen/Library/Java/Extensions:/Library/Java/Extensions:/Network/Library/Java/Extensions:/System/Library/Java/Extensions:/usr/lib/java:."/>
    <property name="java.vm.info" value="mixed mode, sharing"/>
    <property name="stderr.encoding" value="UTF-8"/>
    <property name="java.vendor" value="Homebrew"/>
    <property name="java.vm.version" value="23.0.1"/>
    <property name="sun.io.unicode.encoding" value="UnicodeBig"/>
    <property name="socksNonProxyHosts" value="local|*.local|169.254/16|*.169.254/16"/>
    <property name="java.class.version" value="67.0"/>
    <property name="LOGGED_APPLICATION_NAME" value="[backend] "/>
  </properties>
  <testcase name="contextLoads" classname="com.digio.backend.BackendApplicationTests" time="2.084">
    <system-out><![CDATA[Standard Commons Logging discovery in action with spring-jcl: please remove commons-logging.jar from classpath in order to avoid potential conflicts
12:13:39.952 [main] INFO org.springframework.test.context.support.AnnotationConfigContextLoaderUtils -- Could not detect default configuration classes for test class [com.digio.backend.BackendApplicationTests]: BackendApplicationTests does not declare any static, non-private, non-final, nested classes annotated with @Configuration.
12:13:40.382 [main] INFO org.springframework.boot.test.context.SpringBootTestContextBootstrapper -- Found @SpringBootConfiguration com.digio.backend.BackendApplication for test class com.digio.backend.BackendApplicationTests

  .   ____          _            __ _ _
 /\\ / ___'_ __ _ _(_)_ __  __ _ \ \ \ \
( ( )\___ | '_ | '_| | '_ \/ _` | \ \ \ \
 \\/  ___)| |_)| | | | | || (_| |  ) ) ) )
  '  |____| .__|_| |_|_| |_\__, | / / / /
 =========|_|==============|___/=/_/_/_/

 :: Spring Boot ::                (v3.4.1)

2025-01-21T12:13:41.689+07:00  INFO 14526 --- [backend] [           main] c.digio.backend.BackendApplicationTests  : Starting BackendApplicationTests using Java 23.0.1 with PID 14526 (started by prasopchocksancharoen in /Users/prasopchocksancharoen/Documents/Intern-Poonsap/ProjectExcel/backend)
2025-01-21T12:13:41.693+07:00  INFO 14526 --- [backend] [           main] c.digio.backend.BackendApplicationTests  : No active profile set, falling back to 1 default profile: "default"
2025-01-21T12:13:45.374+07:00  INFO 14526 --- [backend] [           main] c.digio.backend.BackendApplicationTests  : Started BackendApplicationTests in 4.595 seconds (process running for 8.452)
]]></system-out>
    <system-err><![CDATA[Mockito is currently self-attaching to enable the inline-mock-maker. This will no longer work in future releases of the JDK. Please add Mockito as an agent to your build what is described in Mockito's documentation: https://javadoc.io/doc/org.mockito/mockito-core/latest/org/mockito/Mockito.html#0.3
WARNING: A Java agent has been loaded dynamically (/Users/prasopchocksancharoen/.m2/repository/net/bytebuddy/byte-buddy-agent/1.15.11/byte-buddy-agent-1.15.11.jar)
WARNING: If a serviceability tool is in use, please run with -XX:+EnableDynamicAgentLoading to hide this warning
WARNING: If a serviceability tool is not in use, please run with -Djdk.instrument.traceUsage for more information
WARNING: Dynamic loading of agents will be disallowed by default in a future release
]]></system-err>
  </testcase>
</testsuite>